<?xml version="1.0" encoding="UTF-8"?>
<testng-results skipped="0" failed="0" ignored="0" total="1" passed="1">
  <reporter-output>
  </reporter-output>
  <suite name="Default suite" duration-ms="50702" started-at="2018-12-05T13:23:12Z" finished-at="2018-12-05T13:24:02Z">
    <groups>
    </groups>
    <test name="Default test" duration-ms="50702" started-at="2018-12-05T13:23:12Z" finished-at="2018-12-05T13:24:02Z">
      <class name="com.flipkart.testcases.Login_Test">
        <test-method status="PASS" signature="openBrowserAndApps()[pri:0, instance:com.flipkart.testcases.Login_Test@31e75d13]" name="openBrowserAndApps" is-config="true" duration-ms="9922" started-at="2018-12-05T13:23:12Z" finished-at="2018-12-05T13:23:22Z">
          <reporter-output>
          </reporter-output>
        </test-method> <!-- openBrowserAndApps -->
        <test-method status="PASS" signature="loginTest()[pri:0, instance:com.flipkart.testcases.Login_Test@31e75d13]" name="loginTest" is-config="true" duration-ms="3465" started-at="2018-12-05T13:23:22Z" finished-at="2018-12-05T13:23:25Z">
          <reporter-output>
          </reporter-output>
        </test-method> <!-- loginTest -->
        <test-method status="PASS" signature="Mobile()[pri:0, instance:com.flipkart.testcases.Login_Test@31e75d13]" name="Mobile" duration-ms="35681" started-at="2018-12-05T13:23:25Z" finished-at="2018-12-05T13:24:01Z">
          <reporter-output>
          </reporter-output>
        </test-method> <!-- Mobile -->
        <test-method status="PASS" signature="logoutFromApps()[pri:0, instance:com.flipkart.testcases.Login_Test@31e75d13]" name="logoutFromApps" is-config="true" duration-ms="1" started-at="2018-12-05T13:24:01Z" finished-at="2018-12-05T13:24:01Z">
          <reporter-output>
          </reporter-output>
        </test-method> <!-- logoutFromApps -->
        <test-method status="PASS" signature="closeBrowser()[pri:0, instance:com.flipkart.testcases.Login_Test@31e75d13]" name="closeBrowser" is-config="true" duration-ms="1494" started-at="2018-12-05T13:24:01Z" finished-at="2018-12-05T13:24:02Z">
          <reporter-output>
          </reporter-output>
        </test-method> <!-- closeBrowser -->
      </class> <!-- com.flipkart.testcases.Login_Test -->
    </test> <!-- Default test -->
  </suite> <!-- Default suite -->
</testng-results>
