<?xml version="1.0" encoding="UTF-8"?>
<testng-results skipped="0" failed="0" ignored="0" total="1" passed="1">
  <reporter-output>
  </reporter-output>
  <suite name="Default suite" duration-ms="50825" started-at="2018-12-05T12:47:13Z" finished-at="2018-12-05T12:48:04Z">
    <groups>
    </groups>
    <test name="Default test" duration-ms="50825" started-at="2018-12-05T12:47:13Z" finished-at="2018-12-05T12:48:04Z">
      <class name="com.flipkart.testcases.Login_Test">
        <test-method status="PASS" signature="openBrowserAndApps()[pri:0, instance:com.flipkart.testcases.Login_Test@3f446bef]" name="openBrowserAndApps" is-config="true" duration-ms="9795" started-at="2018-12-05T12:47:13Z" finished-at="2018-12-05T12:47:23Z">
          <reporter-output>
          </reporter-output>
        </test-method> <!-- openBrowserAndApps -->
        <test-method status="PASS" signature="loginTest()[pri:0, instance:com.flipkart.testcases.Login_Test@3f446bef]" name="loginTest" is-config="true" duration-ms="3401" started-at="2018-12-05T12:47:23Z" finished-at="2018-12-05T12:47:27Z">
          <reporter-output>
          </reporter-output>
        </test-method> <!-- loginTest -->
        <test-method status="PASS" signature="Mobile()[pri:0, instance:com.flipkart.testcases.Login_Test@3f446bef]" name="Mobile" duration-ms="36700" started-at="2018-12-05T12:47:27Z" finished-at="2018-12-05T12:48:03Z">
          <reporter-output>
          </reporter-output>
        </test-method> <!-- Mobile -->
        <test-method status="PASS" signature="logoutFromApps()[pri:0, instance:com.flipkart.testcases.Login_Test@3f446bef]" name="logoutFromApps" is-config="true" duration-ms="0" started-at="2018-12-05T12:48:03Z" finished-at="2018-12-05T12:48:03Z">
          <reporter-output>
          </reporter-output>
        </test-method> <!-- logoutFromApps -->
        <test-method status="PASS" signature="closeBrowser()[pri:0, instance:com.flipkart.testcases.Login_Test@3f446bef]" name="closeBrowser" is-config="true" duration-ms="740" started-at="2018-12-05T12:48:03Z" finished-at="2018-12-05T12:48:04Z">
          <reporter-output>
          </reporter-output>
        </test-method> <!-- closeBrowser -->
      </class> <!-- com.flipkart.testcases.Login_Test -->
    </test> <!-- Default test -->
  </suite> <!-- Default suite -->
</testng-results>
